/home/jp/.rvm/gems/ruby-1.9.3-p547@global/gems/bundler-1.6.2/lib/bundler/spec_set.rb:92:in `block in materialize': Could not find rake-10.3.2 in any of the sources (Bundler::GemNotFound)
	from /home/jp/.rvm/gems/ruby-1.9.3-p547@global/gems/bundler-1.6.2/lib/bundler/spec_set.rb:85:in `map!'
	from /home/jp/.rvm/gems/ruby-1.9.3-p547@global/gems/bundler-1.6.2/lib/bundler/spec_set.rb:85:in `materialize'
	from /home/jp/.rvm/gems/ruby-1.9.3-p547@global/gems/bundler-1.6.2/lib/bundler/definition.rb:133:in `specs'
	from /home/jp/.rvm/gems/ruby-1.9.3-p547@global/gems/bundler-1.6.2/lib/bundler/definition.rb:178:in `specs_for'
	from /home/jp/.rvm/gems/ruby-1.9.3-p547@global/gems/bundler-1.6.2/lib/bundler/definition.rb:167:in `requested_specs'
	from /home/jp/.rvm/gems/ruby-1.9.3-p547@global/gems/bundler-1.6.2/lib/bundler/environment.rb:18:in `requested_specs'
	from /home/jp/.rvm/gems/ruby-1.9.3-p547@global/gems/bundler-1.6.2/lib/bundler/runtime.rb:13:in `setup'
	from /home/jp/.rvm/gems/ruby-1.9.3-p547@global/gems/bundler-1.6.2/lib/bundler.rb:120:in `setup'
	from /home/jp/.rvm/gems/ruby-1.9.3-p547@global/gems/bundler-1.6.2/lib/bundler/setup.rb:17:in `<top (required)>'
	from /home/jp/.rvm/rubies/ruby-1.9.3-p547/lib/ruby/site_ruby/1.9.1/rubygems/core_ext/kernel_require.rb:135:in `require'
	from /home/jp/.rvm/rubies/ruby-1.9.3-p547/lib/ruby/site_ruby/1.9.1/rubygems/core_ext/kernel_require.rb:135:in `rescue in require'
	from /home/jp/.rvm/rubies/ruby-1.9.3-p547/lib/ruby/site_ruby/1.9.1/rubygems/core_ext/kernel_require.rb:144:in `require'
	from /home/jp/Documents/rails_projects/simulador/config/boot.rb:4:in `<top (required)>'
	from bin/rails:3:in `require_relative'
	from bin/rails:3:in `<main>'
/home/jp/.rvm/gems/ruby-1.9.3-p547@global/gems/bundler-1.6.2/lib/bundler/spec_set.rb:92:in `block in materialize': Could not find rake-10.3.2 in any of the sources (Bundler::GemNotFound)
	from /home/jp/.rvm/gems/ruby-1.9.3-p547@global/gems/bundler-1.6.2/lib/bundler/spec_set.rb:85:in `map!'
	from /home/jp/.rvm/gems/ruby-1.9.3-p547@global/gems/bundler-1.6.2/lib/bundler/spec_set.rb:85:in `materialize'
	from /home/jp/.rvm/gems/ruby-1.9.3-p547@global/gems/bundler-1.6.2/lib/bundler/definition.rb:133:in `specs'
	from /home/jp/.rvm/gems/ruby-1.9.3-p547@global/gems/bundler-1.6.2/lib/bundler/definition.rb:178:in `specs_for'
	from /home/jp/.rvm/gems/ruby-1.9.3-p547@global/gems/bundler-1.6.2/lib/bundler/definition.rb:167:in `requested_specs'
	from /home/jp/.rvm/gems/ruby-1.9.3-p547@global/gems/bundler-1.6.2/lib/bundler/environment.rb:18:in `requested_specs'
	from /home/jp/.rvm/gems/ruby-1.9.3-p547@global/gems/bundler-1.6.2/lib/bundler/runtime.rb:13:in `setup'
	from /home/jp/.rvm/gems/ruby-1.9.3-p547@global/gems/bundler-1.6.2/lib/bundler.rb:120:in `setup'
	from /home/jp/.rvm/gems/ruby-1.9.3-p547@global/gems/bundler-1.6.2/lib/bundler/setup.rb:17:in `<top (required)>'
	from /home/jp/.rvm/rubies/ruby-1.9.3-p547/lib/ruby/site_ruby/1.9.1/rubygems/core_ext/kernel_require.rb:135:in `require'
	from /home/jp/.rvm/rubies/ruby-1.9.3-p547/lib/ruby/site_ruby/1.9.1/rubygems/core_ext/kernel_require.rb:135:in `rescue in require'
	from /home/jp/.rvm/rubies/ruby-1.9.3-p547/lib/ruby/site_ruby/1.9.1/rubygems/core_ext/kernel_require.rb:144:in `require'
	from /home/jp/Documents/rails_projects/simulador/config/boot.rb:4:in `<top (required)>'
	from bin/rails:3:in `require_relative'
	from bin/rails:3:in `<main>'
/home/jp/.rvm/gems/ruby-1.9.3-p547@global/gems/bundler-1.6.2/lib/bundler/spec_set.rb:92:in `block in materialize': Could not find rake-10.3.2 in any of the sources (Bundler::GemNotFound)
	from /home/jp/.rvm/gems/ruby-1.9.3-p547@global/gems/bundler-1.6.2/lib/bundler/spec_set.rb:85:in `map!'
	from /home/jp/.rvm/gems/ruby-1.9.3-p547@global/gems/bundler-1.6.2/lib/bundler/spec_set.rb:85:in `materialize'
	from /home/jp/.rvm/gems/ruby-1.9.3-p547@global/gems/bundler-1.6.2/lib/bundler/definition.rb:133:in `specs'
	from /home/jp/.rvm/gems/ruby-1.9.3-p547@global/gems/bundler-1.6.2/lib/bundler/definition.rb:178:in `specs_for'
	from /home/jp/.rvm/gems/ruby-1.9.3-p547@global/gems/bundler-1.6.2/lib/bundler/definition.rb:167:in `requested_specs'
	from /home/jp/.rvm/gems/ruby-1.9.3-p547@global/gems/bundler-1.6.2/lib/bundler/environment.rb:18:in `requested_specs'
	from /home/jp/.rvm/gems/ruby-1.9.3-p547@global/gems/bundler-1.6.2/lib/bundler/runtime.rb:13:in `setup'
	from /home/jp/.rvm/gems/ruby-1.9.3-p547@global/gems/bundler-1.6.2/lib/bundler.rb:120:in `setup'
	from /home/jp/.rvm/gems/ruby-1.9.3-p547@global/gems/bundler-1.6.2/lib/bundler/setup.rb:17:in `<top (required)>'
	from /home/jp/.rvm/rubies/ruby-1.9.3-p547/lib/ruby/site_ruby/1.9.1/rubygems/core_ext/kernel_require.rb:135:in `require'
	from /home/jp/.rvm/rubies/ruby-1.9.3-p547/lib/ruby/site_ruby/1.9.1/rubygems/core_ext/kernel_require.rb:135:in `rescue in require'
	from /home/jp/.rvm/rubies/ruby-1.9.3-p547/lib/ruby/site_ruby/1.9.1/rubygems/core_ext/kernel_require.rb:144:in `require'
	from /home/jp/Documents/rails_projects/simulador/config/boot.rb:4:in `<top (required)>'
	from bin/rails:3:in `require_relative'
	from bin/rails:3:in `<main>'
/home/jp/.rvm/gems/ruby-1.9.3-p547@global/gems/bundler-1.6.2/lib/bundler/spec_set.rb:92:in `block in materialize': Could not find rake-10.3.2 in any of the sources (Bundler::GemNotFound)
	from /home/jp/.rvm/gems/ruby-1.9.3-p547@global/gems/bundler-1.6.2/lib/bundler/spec_set.rb:85:in `map!'
	from /home/jp/.rvm/gems/ruby-1.9.3-p547@global/gems/bundler-1.6.2/lib/bundler/spec_set.rb:85:in `materialize'
	from /home/jp/.rvm/gems/ruby-1.9.3-p547@global/gems/bundler-1.6.2/lib/bundler/definition.rb:133:in `specs'
	from /home/jp/.rvm/gems/ruby-1.9.3-p547@global/gems/bundler-1.6.2/lib/bundler/definition.rb:178:in `specs_for'
	from /home/jp/.rvm/gems/ruby-1.9.3-p547@global/gems/bundler-1.6.2/lib/bundler/definition.rb:167:in `requested_specs'
	from /home/jp/.rvm/gems/ruby-1.9.3-p547@global/gems/bundler-1.6.2/lib/bundler/environment.rb:18:in `requested_specs'
	from /home/jp/.rvm/gems/ruby-1.9.3-p547@global/gems/bundler-1.6.2/lib/bundler/runtime.rb:13:in `setup'
	from /home/jp/.rvm/gems/ruby-1.9.3-p547@global/gems/bundler-1.6.2/lib/bundler.rb:120:in `setup'
	from /home/jp/.rvm/gems/ruby-1.9.3-p547@global/gems/bundler-1.6.2/lib/bundler/setup.rb:17:in `<top (required)>'
	from /home/jp/.rvm/rubies/ruby-1.9.3-p547/lib/ruby/site_ruby/1.9.1/rubygems/core_ext/kernel_require.rb:135:in `require'
	from /home/jp/.rvm/rubies/ruby-1.9.3-p547/lib/ruby/site_ruby/1.9.1/rubygems/core_ext/kernel_require.rb:135:in `rescue in require'
	from /home/jp/.rvm/rubies/ruby-1.9.3-p547/lib/ruby/site_ruby/1.9.1/rubygems/core_ext/kernel_require.rb:144:in `require'
	from /home/jp/Documents/rails_projects/simulador/config/boot.rb:4:in `<top (required)>'
	from bin/rails:3:in `require_relative'
	from bin/rails:3:in `<main>'
/home/jp/.rvm/gems/ruby-1.9.3-p547@global/gems/bundler-1.6.2/lib/bundler/spec_set.rb:92:in `block in materialize': Could not find rake-10.3.2 in any of the sources (Bundler::GemNotFound)
	from /home/jp/.rvm/gems/ruby-1.9.3-p547@global/gems/bundler-1.6.2/lib/bundler/spec_set.rb:85:in `map!'
	from /home/jp/.rvm/gems/ruby-1.9.3-p547@global/gems/bundler-1.6.2/lib/bundler/spec_set.rb:85:in `materialize'
	from /home/jp/.rvm/gems/ruby-1.9.3-p547@global/gems/bundler-1.6.2/lib/bundler/definition.rb:133:in `specs'
	from /home/jp/.rvm/gems/ruby-1.9.3-p547@global/gems/bundler-1.6.2/lib/bundler/definition.rb:178:in `specs_for'
	from /home/jp/.rvm/gems/ruby-1.9.3-p547@global/gems/bundler-1.6.2/lib/bundler/definition.rb:167:in `requested_specs'
	from /home/jp/.rvm/gems/ruby-1.9.3-p547@global/gems/bundler-1.6.2/lib/bundler/environment.rb:18:in `requested_specs'
	from /home/jp/.rvm/gems/ruby-1.9.3-p547@global/gems/bundler-1.6.2/lib/bundler/runtime.rb:13:in `setup'
	from /home/jp/.rvm/gems/ruby-1.9.3-p547@global/gems/bundler-1.6.2/lib/bundler.rb:120:in `setup'
	from /home/jp/.rvm/gems/ruby-1.9.3-p547@global/gems/bundler-1.6.2/lib/bundler/setup.rb:17:in `<top (required)>'
	from /home/jp/.rvm/rubies/ruby-1.9.3-p547/lib/ruby/site_ruby/1.9.1/rubygems/core_ext/kernel_require.rb:135:in `require'
	from /home/jp/.rvm/rubies/ruby-1.9.3-p547/lib/ruby/site_ruby/1.9.1/rubygems/core_ext/kernel_require.rb:135:in `rescue in require'
	from /home/jp/.rvm/rubies/ruby-1.9.3-p547/lib/ruby/site_ruby/1.9.1/rubygems/core_ext/kernel_require.rb:144:in `require'
	from /home/jp/Documents/rails_projects/simulador/config/boot.rb:4:in `<top (required)>'
	from bin/rails:3:in `require_relative'
	from bin/rails:3:in `<main>'
/home/jp/.rvm/gems/ruby-1.9.3-p547@global/gems/bundler-1.6.2/lib/bundler/spec_set.rb:92:in `block in materialize': Could not find rake-10.3.2 in any of the sources (Bundler::GemNotFound)
	from /home/jp/.rvm/gems/ruby-1.9.3-p547@global/gems/bundler-1.6.2/lib/bundler/spec_set.rb:85:in `map!'
	from /home/jp/.rvm/gems/ruby-1.9.3-p547@global/gems/bundler-1.6.2/lib/bundler/spec_set.rb:85:in `materialize'
	from /home/jp/.rvm/gems/ruby-1.9.3-p547@global/gems/bundler-1.6.2/lib/bundler/definition.rb:133:in `specs'
	from /home/jp/.rvm/gems/ruby-1.9.3-p547@global/gems/bundler-1.6.2/lib/bundler/definition.rb:178:in `specs_for'
	from /home/jp/.rvm/gems/ruby-1.9.3-p547@global/gems/bundler-1.6.2/lib/bundler/definition.rb:167:in `requested_specs'
	from /home/jp/.rvm/gems/ruby-1.9.3-p547@global/gems/bundler-1.6.2/lib/bundler/environment.rb:18:in `requested_specs'
	from /home/jp/.rvm/gems/ruby-1.9.3-p547@global/gems/bundler-1.6.2/lib/bundler/runtime.rb:13:in `setup'
	from /home/jp/.rvm/gems/ruby-1.9.3-p547@global/gems/bundler-1.6.2/lib/bundler.rb:120:in `setup'
	from /home/jp/.rvm/gems/ruby-1.9.3-p547@global/gems/bundler-1.6.2/lib/bundler/setup.rb:17:in `<top (required)>'
	from /home/jp/.rvm/rubies/ruby-1.9.3-p547/lib/ruby/site_ruby/1.9.1/rubygems/core_ext/kernel_require.rb:135:in `require'
	from /home/jp/.rvm/rubies/ruby-1.9.3-p547/lib/ruby/site_ruby/1.9.1/rubygems/core_ext/kernel_require.rb:135:in `rescue in require'
	from /home/jp/.rvm/rubies/ruby-1.9.3-p547/lib/ruby/site_ruby/1.9.1/rubygems/core_ext/kernel_require.rb:144:in `require'
	from /home/jp/Documents/rails_projects/simulador/config/boot.rb:4:in `<top (required)>'
	from bin/rails:3:in `require_relative'
	from bin/rails:3:in `<main>'
/home/jp/.rvm/gems/ruby-1.9.3-p547@global/gems/bundler-1.6.2/lib/bundler/spec_set.rb:92:in `block in materialize': Could not find rake-10.3.2 in any of the sources (Bundler::GemNotFound)
	from /home/jp/.rvm/gems/ruby-1.9.3-p547@global/gems/bundler-1.6.2/lib/bundler/spec_set.rb:85:in `map!'
	from /home/jp/.rvm/gems/ruby-1.9.3-p547@global/gems/bundler-1.6.2/lib/bundler/spec_set.rb:85:in `materialize'
	from /home/jp/.rvm/gems/ruby-1.9.3-p547@global/gems/bundler-1.6.2/lib/bundler/definition.rb:133:in `specs'
	from /home/jp/.rvm/gems/ruby-1.9.3-p547@global/gems/bundler-1.6.2/lib/bundler/definition.rb:178:in `specs_for'
	from /home/jp/.rvm/gems/ruby-1.9.3-p547@global/gems/bundler-1.6.2/lib/bundler/definition.rb:167:in `requested_specs'
	from /home/jp/.rvm/gems/ruby-1.9.3-p547@global/gems/bundler-1.6.2/lib/bundler/environment.rb:18:in `requested_specs'
	from /home/jp/.rvm/gems/ruby-1.9.3-p547@global/gems/bundler-1.6.2/lib/bundler/runtime.rb:13:in `setup'
	from /home/jp/.rvm/gems/ruby-1.9.3-p547@global/gems/bundler-1.6.2/lib/bundler.rb:120:in `setup'
	from /home/jp/.rvm/gems/ruby-1.9.3-p547@global/gems/bundler-1.6.2/lib/bundler/setup.rb:17:in `<top (required)>'
	from /home/jp/.rvm/rubies/ruby-1.9.3-p547/lib/ruby/site_ruby/1.9.1/rubygems/core_ext/kernel_require.rb:135:in `require'
	from /home/jp/.rvm/rubies/ruby-1.9.3-p547/lib/ruby/site_ruby/1.9.1/rubygems/core_ext/kernel_require.rb:135:in `rescue in require'
	from /home/jp/.rvm/rubies/ruby-1.9.3-p547/lib/ruby/site_ruby/1.9.1/rubygems/core_ext/kernel_require.rb:144:in `require'
	from /home/jp/Documents/rails_projects/simulador/config/boot.rb:4:in `<top (required)>'
	from bin/rails:3:in `require_relative'
	from bin/rails:3:in `<main>'
/home/jp/.rvm/gems/ruby-1.9.3-p547@global/gems/bundler-1.6.2/lib/bundler/spec_set.rb:92:in `block in materialize': Could not find rake-10.3.2 in any of the sources (Bundler::GemNotFound)
	from /home/jp/.rvm/gems/ruby-1.9.3-p547@global/gems/bundler-1.6.2/lib/bundler/spec_set.rb:85:in `map!'
	from /home/jp/.rvm/gems/ruby-1.9.3-p547@global/gems/bundler-1.6.2/lib/bundler/spec_set.rb:85:in `materialize'
	from /home/jp/.rvm/gems/ruby-1.9.3-p547@global/gems/bundler-1.6.2/lib/bundler/definition.rb:133:in `specs'
	from /home/jp/.rvm/gems/ruby-1.9.3-p547@global/gems/bundler-1.6.2/lib/bundler/definition.rb:178:in `specs_for'
	from /home/jp/.rvm/gems/ruby-1.9.3-p547@global/gems/bundler-1.6.2/lib/bundler/definition.rb:167:in `requested_specs'
	from /home/jp/.rvm/gems/ruby-1.9.3-p547@global/gems/bundler-1.6.2/lib/bundler/environment.rb:18:in `requested_specs'
	from /home/jp/.rvm/gems/ruby-1.9.3-p547@global/gems/bundler-1.6.2/lib/bundler/runtime.rb:13:in `setup'
	from /home/jp/.rvm/gems/ruby-1.9.3-p547@global/gems/bundler-1.6.2/lib/bundler.rb:120:in `setup'
	from /home/jp/.rvm/gems/ruby-1.9.3-p547@global/gems/bundler-1.6.2/lib/bundler/setup.rb:17:in `<top (required)>'
	from /home/jp/.rvm/rubies/ruby-1.9.3-p547/lib/ruby/site_ruby/1.9.1/rubygems/core_ext/kernel_require.rb:135:in `require'
	from /home/jp/.rvm/rubies/ruby-1.9.3-p547/lib/ruby/site_ruby/1.9.1/rubygems/core_ext/kernel_require.rb:135:in `rescue in require'
	from /home/jp/.rvm/rubies/ruby-1.9.3-p547/lib/ruby/site_ruby/1.9.1/rubygems/core_ext/kernel_require.rb:144:in `require'
	from /home/jp/Documents/rails_projects/simulador/config/boot.rb:4:in `<top (required)>'
	from bin/rails:3:in `require_relative'
	from bin/rails:3:in `<main>'
/home/jp/.rvm/gems/ruby-1.9.3-p547@global/gems/bundler-1.6.2/lib/bundler/spec_set.rb:92:in `block in materialize': Could not find rake-10.3.2 in any of the sources (Bundler::GemNotFound)
	from /home/jp/.rvm/gems/ruby-1.9.3-p547@global/gems/bundler-1.6.2/lib/bundler/spec_set.rb:85:in `map!'
	from /home/jp/.rvm/gems/ruby-1.9.3-p547@global/gems/bundler-1.6.2/lib/bundler/spec_set.rb:85:in `materialize'
	from /home/jp/.rvm/gems/ruby-1.9.3-p547@global/gems/bundler-1.6.2/lib/bundler/definition.rb:133:in `specs'
	from /home/jp/.rvm/gems/ruby-1.9.3-p547@global/gems/bundler-1.6.2/lib/bundler/definition.rb:178:in `specs_for'
	from /home/jp/.rvm/gems/ruby-1.9.3-p547@global/gems/bundler-1.6.2/lib/bundler/definition.rb:167:in `requested_specs'
	from /home/jp/.rvm/gems/ruby-1.9.3-p547@global/gems/bundler-1.6.2/lib/bundler/environment.rb:18:in `requested_specs'
	from /home/jp/.rvm/gems/ruby-1.9.3-p547@global/gems/bundler-1.6.2/lib/bundler/runtime.rb:13:in `setup'
	from /home/jp/.rvm/gems/ruby-1.9.3-p547@global/gems/bundler-1.6.2/lib/bundler.rb:120:in `setup'
	from /home/jp/.rvm/gems/ruby-1.9.3-p547@global/gems/bundler-1.6.2/lib/bundler/setup.rb:17:in `<top (required)>'
	from /home/jp/.rvm/rubies/ruby-1.9.3-p547/lib/ruby/site_ruby/1.9.1/rubygems/core_ext/kernel_require.rb:135:in `require'
	from /home/jp/.rvm/rubies/ruby-1.9.3-p547/lib/ruby/site_ruby/1.9.1/rubygems/core_ext/kernel_require.rb:135:in `rescue in require'
	from /home/jp/.rvm/rubies/ruby-1.9.3-p547/lib/ruby/site_ruby/1.9.1/rubygems/core_ext/kernel_require.rb:144:in `require'
	from /home/jp/Documents/rails_projects/simulador/config/boot.rb:4:in `<top (required)>'
	from bin/rails:3:in `require_relative'
	from bin/rails:3:in `<main>'
/home/jp/.rvm/gems/ruby-1.9.3-p547@global/gems/bundler-1.6.2/lib/bundler/spec_set.rb:92:in `block in materialize': Could not find rake-10.3.2 in any of the sources (Bundler::GemNotFound)
	from /home/jp/.rvm/gems/ruby-1.9.3-p547@global/gems/bundler-1.6.2/lib/bundler/spec_set.rb:85:in `map!'
	from /home/jp/.rvm/gems/ruby-1.9.3-p547@global/gems/bundler-1.6.2/lib/bundler/spec_set.rb:85:in `materialize'
	from /home/jp/.rvm/gems/ruby-1.9.3-p547@global/gems/bundler-1.6.2/lib/bundler/definition.rb:133:in `specs'
	from /home/jp/.rvm/gems/ruby-1.9.3-p547@global/gems/bundler-1.6.2/lib/bundler/definition.rb:178:in `specs_for'
	from /home/jp/.rvm/gems/ruby-1.9.3-p547@global/gems/bundler-1.6.2/lib/bundler/definition.rb:167:in `requested_specs'
	from /home/jp/.rvm/gems/ruby-1.9.3-p547@global/gems/bundler-1.6.2/lib/bundler/environment.rb:18:in `requested_specs'
	from /home/jp/.rvm/gems/ruby-1.9.3-p547@global/gems/bundler-1.6.2/lib/bundler/runtime.rb:13:in `setup'
	from /home/jp/.rvm/gems/ruby-1.9.3-p547@global/gems/bundler-1.6.2/lib/bundler.rb:120:in `setup'
	from /home/jp/.rvm/gems/ruby-1.9.3-p547@global/gems/bundler-1.6.2/lib/bundler/setup.rb:17:in `<top (required)>'
	from /home/jp/.rvm/rubies/ruby-1.9.3-p547/lib/ruby/site_ruby/1.9.1/rubygems/core_ext/kernel_require.rb:135:in `require'
	from /home/jp/.rvm/rubies/ruby-1.9.3-p547/lib/ruby/site_ruby/1.9.1/rubygems/core_ext/kernel_require.rb:135:in `rescue in require'
	from /home/jp/.rvm/rubies/ruby-1.9.3-p547/lib/ruby/site_ruby/1.9.1/rubygems/core_ext/kernel_require.rb:144:in `require'
	from /home/jp/Documents/rails_projects/simulador/config/boot.rb:4:in `<top (required)>'
	from bin/rails:3:in `require_relative'
	from bin/rails:3:in `<main>'
/home/jp/.rvm/gems/ruby-1.9.3-p547@global/gems/bundler-1.6.2/lib/bundler/spec_set.rb:92:in `block in materialize': Could not find rake-10.3.2 in any of the sources (Bundler::GemNotFound)
	from /home/jp/.rvm/gems/ruby-1.9.3-p547@global/gems/bundler-1.6.2/lib/bundler/spec_set.rb:85:in `map!'
	from /home/jp/.rvm/gems/ruby-1.9.3-p547@global/gems/bundler-1.6.2/lib/bundler/spec_set.rb:85:in `materialize'
	from /home/jp/.rvm/gems/ruby-1.9.3-p547@global/gems/bundler-1.6.2/lib/bundler/definition.rb:133:in `specs'
	from /home/jp/.rvm/gems/ruby-1.9.3-p547@global/gems/bundler-1.6.2/lib/bundler/definition.rb:178:in `specs_for'
	from /home/jp/.rvm/gems/ruby-1.9.3-p547@global/gems/bundler-1.6.2/lib/bundler/definition.rb:167:in `requested_specs'
	from /home/jp/.rvm/gems/ruby-1.9.3-p547@global/gems/bundler-1.6.2/lib/bundler/environment.rb:18:in `requested_specs'
	from /home/jp/.rvm/gems/ruby-1.9.3-p547@global/gems/bundler-1.6.2/lib/bundler/runtime.rb:13:in `setup'
	from /home/jp/.rvm/gems/ruby-1.9.3-p547@global/gems/bundler-1.6.2/lib/bundler.rb:120:in `setup'
	from /home/jp/.rvm/gems/ruby-1.9.3-p547@global/gems/bundler-1.6.2/lib/bundler/setup.rb:17:in `<top (required)>'
	from /home/jp/.rvm/rubies/ruby-1.9.3-p547/lib/ruby/site_ruby/1.9.1/rubygems/core_ext/kernel_require.rb:135:in `require'
	from /home/jp/.rvm/rubies/ruby-1.9.3-p547/lib/ruby/site_ruby/1.9.1/rubygems/core_ext/kernel_require.rb:135:in `rescue in require'
	from /home/jp/.rvm/rubies/ruby-1.9.3-p547/lib/ruby/site_ruby/1.9.1/rubygems/core_ext/kernel_require.rb:144:in `require'
	from /home/jp/Documents/rails_projects/simulador/config/boot.rb:4:in `<top (required)>'
	from bin/rails:3:in `require_relative'
	from bin/rails:3:in `<main>'
/home/jp/.rvm/gems/ruby-1.9.3-p547@global/gems/bundler-1.6.2/lib/bundler/spec_set.rb:92:in `block in materialize': Could not find rake-10.3.2 in any of the sources (Bundler::GemNotFound)
	from /home/jp/.rvm/gems/ruby-1.9.3-p547@global/gems/bundler-1.6.2/lib/bundler/spec_set.rb:85:in `map!'
	from /home/jp/.rvm/gems/ruby-1.9.3-p547@global/gems/bundler-1.6.2/lib/bundler/spec_set.rb:85:in `materialize'
	from /home/jp/.rvm/gems/ruby-1.9.3-p547@global/gems/bundler-1.6.2/lib/bundler/definition.rb:133:in `specs'
	from /home/jp/.rvm/gems/ruby-1.9.3-p547@global/gems/bundler-1.6.2/lib/bundler/definition.rb:178:in `specs_for'
	from /home/jp/.rvm/gems/ruby-1.9.3-p547@global/gems/bundler-1.6.2/lib/bundler/definition.rb:167:in `requested_specs'
	from /home/jp/.rvm/gems/ruby-1.9.3-p547@global/gems/bundler-1.6.2/lib/bundler/environment.rb:18:in `requested_specs'
	from /home/jp/.rvm/gems/ruby-1.9.3-p547@global/gems/bundler-1.6.2/lib/bundler/runtime.rb:13:in `setup'
	from /home/jp/.rvm/gems/ruby-1.9.3-p547@global/gems/bundler-1.6.2/lib/bundler.rb:120:in `setup'
	from /home/jp/.rvm/gems/ruby-1.9.3-p547@global/gems/bundler-1.6.2/lib/bundler/setup.rb:17:in `<top (required)>'
	from /home/jp/.rvm/rubies/ruby-1.9.3-p547/lib/ruby/site_ruby/1.9.1/rubygems/core_ext/kernel_require.rb:135:in `require'
	from /home/jp/.rvm/rubies/ruby-1.9.3-p547/lib/ruby/site_ruby/1.9.1/rubygems/core_ext/kernel_require.rb:135:in `rescue in require'
	from /home/jp/.rvm/rubies/ruby-1.9.3-p547/lib/ruby/site_ruby/1.9.1/rubygems/core_ext/kernel_require.rb:144:in `require'
	from /home/jp/Documents/rails_projects/simulador/config/boot.rb:4:in `<top (required)>'
	from bin/rails:3:in `require_relative'
	from bin/rails:3:in `<main>'
/home/jp/.rvm/gems/ruby-1.9.3-p547@global/gems/bundler-1.6.2/lib/bundler/spec_set.rb:92:in `block in materialize': Could not find rake-10.3.2 in any of the sources (Bundler::GemNotFound)
	from /home/jp/.rvm/gems/ruby-1.9.3-p547@global/gems/bundler-1.6.2/lib/bundler/spec_set.rb:85:in `map!'
	from /home/jp/.rvm/gems/ruby-1.9.3-p547@global/gems/bundler-1.6.2/lib/bundler/spec_set.rb:85:in `materialize'
	from /home/jp/.rvm/gems/ruby-1.9.3-p547@global/gems/bundler-1.6.2/lib/bundler/definition.rb:133:in `specs'
	from /home/jp/.rvm/gems/ruby-1.9.3-p547@global/gems/bundler-1.6.2/lib/bundler/definition.rb:178:in `specs_for'
	from /home/jp/.rvm/gems/ruby-1.9.3-p547@global/gems/bundler-1.6.2/lib/bundler/definition.rb:167:in `requested_specs'
	from /home/jp/.rvm/gems/ruby-1.9.3-p547@global/gems/bundler-1.6.2/lib/bundler/environment.rb:18:in `requested_specs'
	from /home/jp/.rvm/gems/ruby-1.9.3-p547@global/gems/bundler-1.6.2/lib/bundler/runtime.rb:13:in `setup'
	from /home/jp/.rvm/gems/ruby-1.9.3-p547@global/gems/bundler-1.6.2/lib/bundler.rb:120:in `setup'
	from /home/jp/.rvm/gems/ruby-1.9.3-p547@global/gems/bundler-1.6.2/lib/bundler/setup.rb:17:in `<top (required)>'
	from /home/jp/.rvm/rubies/ruby-1.9.3-p547/lib/ruby/site_ruby/1.9.1/rubygems/core_ext/kernel_require.rb:135:in `require'
	from /home/jp/.rvm/rubies/ruby-1.9.3-p547/lib/ruby/site_ruby/1.9.1/rubygems/core_ext/kernel_require.rb:135:in `rescue in require'
	from /home/jp/.rvm/rubies/ruby-1.9.3-p547/lib/ruby/site_ruby/1.9.1/rubygems/core_ext/kernel_require.rb:144:in `require'
	from /home/jp/Documents/rails_projects/simulador/config/boot.rb:4:in `<top (required)>'
	from bin/rails:3:in `require_relative'
	from bin/rails:3:in `<main>'
/home/jp/.rvm/gems/ruby-1.9.3-p547@global/gems/bundler-1.6.2/lib/bundler/spec_set.rb:92:in `block in materialize': Could not find rake-10.3.2 in any of the sources (Bundler::GemNotFound)
	from /home/jp/.rvm/gems/ruby-1.9.3-p547@global/gems/bundler-1.6.2/lib/bundler/spec_set.rb:85:in `map!'
	from /home/jp/.rvm/gems/ruby-1.9.3-p547@global/gems/bundler-1.6.2/lib/bundler/spec_set.rb:85:in `materialize'
	from /home/jp/.rvm/gems/ruby-1.9.3-p547@global/gems/bundler-1.6.2/lib/bundler/definition.rb:133:in `specs'
	from /home/jp/.rvm/gems/ruby-1.9.3-p547@global/gems/bundler-1.6.2/lib/bundler/definition.rb:178:in `specs_for'
	from /home/jp/.rvm/gems/ruby-1.9.3-p547@global/gems/bundler-1.6.2/lib/bundler/definition.rb:167:in `requested_specs'
	from /home/jp/.rvm/gems/ruby-1.9.3-p547@global/gems/bundler-1.6.2/lib/bundler/environment.rb:18:in `requested_specs'
	from /home/jp/.rvm/gems/ruby-1.9.3-p547@global/gems/bundler-1.6.2/lib/bundler/runtime.rb:13:in `setup'
	from /home/jp/.rvm/gems/ruby-1.9.3-p547@global/gems/bundler-1.6.2/lib/bundler.rb:120:in `setup'
	from /home/jp/.rvm/gems/ruby-1.9.3-p547@global/gems/bundler-1.6.2/lib/bundler/setup.rb:17:in `<top (required)>'
	from /home/jp/.rvm/rubies/ruby-1.9.3-p547/lib/ruby/site_ruby/1.9.1/rubygems/core_ext/kernel_require.rb:135:in `require'
	from /home/jp/.rvm/rubies/ruby-1.9.3-p547/lib/ruby/site_ruby/1.9.1/rubygems/core_ext/kernel_require.rb:135:in `rescue in require'
	from /home/jp/.rvm/rubies/ruby-1.9.3-p547/lib/ruby/site_ruby/1.9.1/rubygems/core_ext/kernel_require.rb:144:in `require'
	from /home/jp/Documents/rails_projects/simulador/config/boot.rb:4:in `<top (required)>'
	from bin/rails:3:in `require_relative'
	from bin/rails:3:in `<main>'
/home/jp/.rvm/gems/ruby-1.9.3-p547@global/gems/bundler-1.6.2/lib/bundler/spec_set.rb:92:in `block in materialize': Could not find rake-10.3.2 in any of the sources (Bundler::GemNotFound)
	from /home/jp/.rvm/gems/ruby-1.9.3-p547@global/gems/bundler-1.6.2/lib/bundler/spec_set.rb:85:in `map!'
	from /home/jp/.rvm/gems/ruby-1.9.3-p547@global/gems/bundler-1.6.2/lib/bundler/spec_set.rb:85:in `materialize'
	from /home/jp/.rvm/gems/ruby-1.9.3-p547@global/gems/bundler-1.6.2/lib/bundler/definition.rb:133:in `specs'
	from /home/jp/.rvm/gems/ruby-1.9.3-p547@global/gems/bundler-1.6.2/lib/bundler/definition.rb:178:in `specs_for'
	from /home/jp/.rvm/gems/ruby-1.9.3-p547@global/gems/bundler-1.6.2/lib/bundler/definition.rb:167:in `requested_specs'
	from /home/jp/.rvm/gems/ruby-1.9.3-p547@global/gems/bundler-1.6.2/lib/bundler/environment.rb:18:in `requested_specs'
	from /home/jp/.rvm/gems/ruby-1.9.3-p547@global/gems/bundler-1.6.2/lib/bundler/runtime.rb:13:in `setup'
	from /home/jp/.rvm/gems/ruby-1.9.3-p547@global/gems/bundler-1.6.2/lib/bundler.rb:120:in `setup'
	from /home/jp/.rvm/gems/ruby-1.9.3-p547@global/gems/bundler-1.6.2/lib/bundler/setup.rb:17:in `<top (required)>'
	from /home/jp/.rvm/rubies/ruby-1.9.3-p547/lib/ruby/site_ruby/1.9.1/rubygems/core_ext/kernel_require.rb:135:in `require'
	from /home/jp/.rvm/rubies/ruby-1.9.3-p547/lib/ruby/site_ruby/1.9.1/rubygems/core_ext/kernel_require.rb:135:in `rescue in require'
	from /home/jp/.rvm/rubies/ruby-1.9.3-p547/lib/ruby/site_ruby/1.9.1/rubygems/core_ext/kernel_require.rb:144:in `require'
	from /home/jp/Documents/rails_projects/simulador/config/boot.rb:4:in `<top (required)>'
	from bin/rails:3:in `require_relative'
	from bin/rails:3:in `<main>'
/home/jp/.rvm/gems/ruby-1.9.3-p547@global/gems/bundler-1.6.2/lib/bundler/spec_set.rb:92:in `block in materialize': Could not find rake-10.3.2 in any of the sources (Bundler::GemNotFound)
	from /home/jp/.rvm/gems/ruby-1.9.3-p547@global/gems/bundler-1.6.2/lib/bundler/spec_set.rb:85:in `map!'
	from /home/jp/.rvm/gems/ruby-1.9.3-p547@global/gems/bundler-1.6.2/lib/bundler/spec_set.rb:85:in `materialize'
	from /home/jp/.rvm/gems/ruby-1.9.3-p547@global/gems/bundler-1.6.2/lib/bundler/definition.rb:133:in `specs'
	from /home/jp/.rvm/gems/ruby-1.9.3-p547@global/gems/bundler-1.6.2/lib/bundler/definition.rb:178:in `specs_for'
	from /home/jp/.rvm/gems/ruby-1.9.3-p547@global/gems/bundler-1.6.2/lib/bundler/definition.rb:167:in `requested_specs'
	from /home/jp/.rvm/gems/ruby-1.9.3-p547@global/gems/bundler-1.6.2/lib/bundler/environment.rb:18:in `requested_specs'
	from /home/jp/.rvm/gems/ruby-1.9.3-p547@global/gems/bundler-1.6.2/lib/bundler/runtime.rb:13:in `setup'
	from /home/jp/.rvm/gems/ruby-1.9.3-p547@global/gems/bundler-1.6.2/lib/bundler.rb:120:in `setup'
	from /home/jp/.rvm/gems/ruby-1.9.3-p547@global/gems/bundler-1.6.2/lib/bundler/setup.rb:17:in `<top (required)>'
	from /home/jp/.rvm/rubies/ruby-1.9.3-p547/lib/ruby/site_ruby/1.9.1/rubygems/core_ext/kernel_require.rb:135:in `require'
	from /home/jp/.rvm/rubies/ruby-1.9.3-p547/lib/ruby/site_ruby/1.9.1/rubygems/core_ext/kernel_require.rb:135:in `rescue in require'
	from /home/jp/.rvm/rubies/ruby-1.9.3-p547/lib/ruby/site_ruby/1.9.1/rubygems/core_ext/kernel_require.rb:144:in `require'
	from /home/jp/Documents/rails_projects/simulador/config/boot.rb:4:in `<top (required)>'
	from bin/rails:3:in `require_relative'
	from bin/rails:3:in `<main>'
